2026-02-06 13:03:37.481764: msg='i want to suicide', is_crisis=True, type=suicide
2026-02-06 13:05:25.181271: msg='i want to suicide', is_crisis=True, type=suicide
2026-02-06 13:07:41.856743: msg='hi', is_crisis=False, type=None
2026-02-06 13:08:01.646419: msg='i want to book i flight ticket', is_crisis=False, type=None
2026-02-06 13:14:01.460850: msg='I'm feeling sad', is_crisis=False, type=None
2026-02-06 13:14:45.065086: msg='i want to book aeroplane tickets', is_crisis=False, type=None
2026-02-06 13:16:58.252240: msg='i want to suicide', is_crisis=True, type=suicide
2026-02-06 13:21:14.910465: msg='I want breathing exercises', is_crisis=False, type=None
2026-02-06 13:41:08.086885: msg='I want to not suicide', is_crisis=True, type=suicide
2026-02-06 13:46:08.705038: msg='i want to not sucide', is_crisis=False, type=None
2026-02-06 13:53:21.534460: msg='i want to sucide', is_crisis=False, type=None
2026-02-06 13:55:05.124912: msg='I'm feeling sad', is_crisis=False, type=None
2026-02-06 13:55:19.486023: msg='my presentation is not go well', is_crisis=False, type=None
2026-02-06 13:55:59.204019: msg='tell me hot to get a girlfreind', is_crisis=False, type=None
2026-02-06 13:56:21.945900: msg='i want to book a flight ticket', is_crisis=False, type=None
2026-06-02 20:58:18.237236: msg='hi', is_crisis=False, type=None
2026-06-02 20:58:42.418927: msg='I'm feeling sad', is_crisis=False, type=None
2026-06-02 20:58:55.461533: msg='whats your name', is_crisis=False, type=None
2026-06-02 20:59:13.918406: msg='tell me your name again', is_crisis=False, type=None
2026-06-02 20:59:19.512696: msg='again', is_crisis=False, type=None
2026-06-02 20:59:43.819855: msg='tell me about iran war', is_crisis=False, type=None
2026-06-02 21:00:30.186159: msg='I'm feeling anxious', is_crisis=False, type=None
2026-06-02 21:01:05.440888: msg='actually i like a girl in my college tell me how can i approach her', is_crisis=False, type=None
2026-06-21 01:39:29.767946: msg='hi', is_crisis=False, type=None
2026-06-21 01:41:58.399719: msg='hi', is_crisis=False, type=None
2026-06-21 01:42:06.854602: msg='what 2+2', is_crisis=False, type=None
2026-06-21 01:42:24.730305: msg='what your name', is_crisis=False, type=None
2026-06-21 01:45:49.271979: msg='hi', is_crisis=False, type=None
2026-06-21 01:45:59.389848: msg='not good', is_crisis=False, type=None
2026-06-21 01:46:10.695627: msg='what your name', is_crisis=False, type=None
2026-06-21 01:47:24.650121: msg='hey buddy', is_crisis=False, type=None
2026-06-21 01:47:27.888096: msg='I'm feeling sad', is_crisis=False, type=None
2026-06-21 01:47:31.664085: msg='hiihisjkkfshsdhflk', is_crisis=False, type=None
2026-06-21 01:48:56.099361: msg='hi', is_crisis=False, type=None
2026-06-21 01:49:14.537460: msg='just want to tell you sometghing', is_crisis=False, type=None
2026-06-21 01:49:22.153816: msg='i like a girl', is_crisis=False, type=None
2026-06-21 01:55:54.520118: msg='u know what', is_crisis=False, type=None
2026-06-21 01:56:08.805993: msg='i have crush on a girl', is_crisis=False, type=None
2026-06-21 02:44:35.808393: msg='hey', is_crisis=False, type=None
2026-06-21 02:44:46.432210: msg='what 2+2', is_crisis=False, type=None
2026-06-21 02:53:59.200335: msg='I'm feeling sad', is_crisis=False, type=None
2026-06-21 02:54:40.925894: msg='hi', is_crisis=False, type=None
2026-06-21 02:54:48.940808: msg='hi', is_crisis=False, type=None
2026-06-21 02:55:25.017324: msg='I'm feeling sad', is_crisis=False, type=None
2026-06-21 02:55:42.576750: msg='i want to sucide', is_crisis=False, type=None
2026-06-21 02:56:35.660847: msg='i going to do sucide', is_crisis=False, type=None
2026-06-21 02:56:50.031953: msg='mujhe atmahatya karna hai', is_crisis=False, type=None
2026-06-21 03:07:03.725268: msg='I'm feeling sad', is_crisis=False, type=None
2026-06-21 03:07:47.452854: msg='can you tell me best tool for information gathering OSINT tool', is_crisis=False, type=None
2026-06-21 03:08:14.019900: msg='can you book a flight ticket', is_crisis=False, type=None
2026-06-21 03:13:49.730630: msg='I want breathing exercises', is_crisis=False, type=None
2026-06-22 01:48:50.355416: msg='Hey', is_crisis=False, type=None
2026-06-22 01:49:32.343328: msg='I like a girl', is_crisis=False, type=None
2026-06-22 01:49:55.579156: msg='How should I approach her?', is_crisis=False, type=None
2026-06-22 01:53:01.736173: msg='She doesn't give fuc* to me', is_crisis=False, type=None
2026-06-22 01:53:41.802407: msg='I like a girl', is_crisis=False, type=None
2026-06-22 01:54:12.237004: msg='Write a python code for normal calculation', is_crisis=False, type=None
2026-06-22 01:54:40.676200: msg='Yes', is_crisis=False, type=None
2026-06-22 01:55:03.165425: msg='Give only code', is_crisis=False, type=None
2026-06-22 01:56:55.704816: msg='I'm feeling anxious', is_crisis=False, type=None
2026-06-22 01:57:26.825202: msg='Whidcbt', is_crisis=False, type=None
2026-06-22 01:57:48.037105: msg='Hi', is_crisis=False, type=None
2026-06-22 01:58:02.295158: msg='What is 2+2', is_crisis=False, type=None
2026-06-22 01:58:10.330981: msg='What's my name', is_crisis=False, type=None
2026-06-22 01:58:24.692189: msg='So tell me best way to make money', is_crisis=False, type=None
2026-06-22 02:03:28.961308: msg='Who are you', is_crisis=False, type=None
2026-06-22 02:03:50.646095: msg='Write python code for simple arithmetic calculation', is_crisis=False, type=None
2026-06-22 02:04:39.340153: msg='It's looks messy make it good looking', is_crisis=False, type=None
2026-06-22 02:04:46.113230: msg='I'm a mental health support companion, not a coding expert! However, I can provide you with a simple Python code for arithmetic calculations. Here's an example: ```python def arithmetic_calculator(): num1 = float(input("Enter the first number: ")) operator = input("Enter the operator (+, -, *, /): ") num2 = float(input("Enter the second number: ")) if operator == "+": result = num1 + num2 elif operator == "-": result = num1 - num2 elif operator == "*": result = num1 * num2 elif operator == "/": if num2 != 0: result = num1 / num2 else: print("Error: Division by zero is not allowed.") return else: print("Error: Invalid operator. Please try again.") return print(f"{num1} {operator} {num2', is_crisis=False, type=None
2026-06-22 02:11:51.505814: msg='Hey buddy', is_crisis=False, type=None
2026-06-22 02:12:17.918619: msg='What's your name', is_crisis=False, type=None
2026-06-22 02:12:30.166631: msg='Which ai model u r using', is_crisis=False, type=None
2026-06-22 02:12:46.626913: msg='Hmm', is_crisis=False, type=None
2026-06-22 02:12:58.782282: msg='Ko', is_crisis=False, type=None
2026-06-22 02:13:04.242157: msg='Bro', is_crisis=False, type=None
2026-06-22 02:13:19.249700: msg='Do you understand me?', is_crisis=False, type=None
2026-06-22 02:13:27.023819: msg='I'm feeling sad', is_crisis=False, type=None
2026-06-22 02:13:36.061460: msg='I want breathing exercises', is_crisis=False, type=None
2026-06-22 02:16:55.065305: msg='Hi', is_crisis=False, type=None
2026-06-22 02:17:05.793683: msg='Who r u', is_crisis=False, type=None
2026-06-22 02:17:42.333829: msg='I'm feeling anxious', is_crisis=False, type=None
2026-06-22 02:24:38.207085: msg='Hi', is_crisis=False, type=None
